<?xml version="1.0" encoding="UTF-8"?>
<!-- Generated by org.testng.reporters.JUnitReportReporter -->
<testsuite skipped="0" hostname="A2ML29106" name="AnotherRestResource.SimpleTest" tests="1" failures="0" timestamp="22 Aug 2019 12:08:30 GMT" time="5.854" errors="0">
  <testcase name="GetWeatherDetails" time="5.854" classname="AnotherRestResource.SimpleTest"/>
</testsuite> <!-- AnotherRestResource.SimpleTest -->
