<?xml version="1.0" encoding="UTF-8"?>
<!-- Generated by org.testng.reporters.JUnitReportReporter -->
<testsuite skipped="0" hostname="A2ML29106" name="io.sample.tests.CreateUser" tests="1" failures="0" timestamp="03 Sep 2019 10:14:26 GMT" time="0.953" errors="0">
  <testcase name="createUser_smoke" time="0.953" classname="io.sample.tests.CreateUser"/>
</testsuite> <!-- io.sample.tests.CreateUser -->
