<?xml version="1.0" encoding="UTF-8"?>
<!-- Generated by org.testng.reporters.JUnitReportReporter -->
<testsuite skipped="0" hostname="A2ML29106" name="io.sample.tests.SimpleTest" tests="1" failures="0" timestamp="22 Aug 2019 16:42:50 GMT" time="3.133" errors="0">
  <testcase name="GetWeatherDetails" time="3.133" classname="io.sample.tests.SimpleTest"/>
</testsuite> <!-- io.sample.tests.SimpleTest -->
