<?xml version="1.0" encoding="UTF-8"?>
<!-- Generated by org.testng.reporters.JUnitReportReporter -->
<testsuite skipped="0" hostname="A2ML29106" name="AnotherRestResource.SimpleGetTest" tests="1" failures="0" timestamp="22 Aug 2019 07:01:12 GMT" time="1.717" errors="0">
  <testcase name="GetWeatherDetails" time="1.717" classname="AnotherRestResource.SimpleGetTest"/>
</testsuite> <!-- AnotherRestResource.SimpleGetTest -->
