<?xml version="1.0" encoding="UTF-8"?>
<!-- Generated by org.testng.reporters.JUnitReportReporter -->
<testsuite skipped="0" hostname="A2ML29106" name="io.sample.tests.UpdateUserDetails" tests="1" failures="0" timestamp="03 Sep 2019 10:14:26 GMT" time="0.725" errors="0">
  <testcase name="updateUser_smoke" time="0.725" classname="io.sample.tests.UpdateUserDetails"/>
</testsuite> <!-- io.sample.tests.UpdateUserDetails -->
