<?xml version="1.0" encoding="UTF-8"?>
<!-- Generated by org.testng.reporters.JUnitReportReporter -->
<testsuite skipped="0" hostname="A2ML29106" name="io.sample.tests.UserDetails2" tests="1" failures="0" timestamp="22 Aug 2019 18:05:40 GMT" time="6.527" errors="0">
  <testcase name="GetUserDetails" time="6.527" classname="io.sample.tests.UserDetails2"/>
</testsuite> <!-- io.sample.tests.UserDetails2 -->
