<?xml version="1.0" encoding="UTF-8"?>
<!-- Generated by org.testng.reporters.JUnitReportReporter -->
<testsuite skipped="0" hostname="A2ML29106" name="io.sample.tests.GetUserDetails" tests="2" failures="0" timestamp="30 Sep 2019 12:03:12 GMT" time="3.820" errors="0">
  <testcase name="getSingleusr_smoke" time="0.342" classname="io.sample.tests.GetUserDetails"/>
  <testcase name="getSingleusr_regression" time="3.478" classname="io.sample.tests.GetUserDetails"/>
</testsuite> <!-- io.sample.tests.GetUserDetails -->
