<?xml version="1.0" encoding="UTF-8"?>
<!-- Generated by org.testng.reporters.JUnitReportReporter -->
<testsuite skipped="0" hostname="A2ML29106" name="io.sample.tests.UserDetails" tests="2" failures="0" timestamp="28 Aug 2019 04:57:13 GMT" time="2.872" errors="0">
  <testcase name="getSingleusr_smoke" time="0.351" classname="io.sample.tests.UserDetails"/>
  <testcase name="getSingleusr_regression" time="2.521" classname="io.sample.tests.UserDetails"/>
</testsuite> <!-- io.sample.tests.UserDetails -->
